<?xml version="1.0" encoding="UTF-8"?>
<testng-results total="2" passed="2" failed="0" skipped="0">
  <reporter-output>
  </reporter-output>
  <suite started-at="2024-03-04T13:40:31Z" name="Suite" finished-at="2024-03-04T13:41:29Z" duration-ms="57559">
    <groups>
    </groups>
    <test started-at="2024-03-04T13:40:31Z" name="Test" finished-at="2024-03-04T13:41:29Z" duration-ms="57559">
      <class name="com.hrms.test02.TC005">
        <test-method signature="tc002()[pri:0, instance:com.hrms.test02.TC005@d771cc9]" started-at="2024-03-04T19:10:31Z" name="tc002" finished-at="2024-03-04T19:10:58Z" duration-ms="27048" status="PASS">
          <reporter-output>
          </reporter-output>
        </test-method> <!-- tc002 -->
      </class> <!-- com.hrms.test02.TC005 -->
      <class name="com.hrms.test02.TC006">
        <test-method signature="tc002()[pri:0, instance:com.hrms.test02.TC006@432038ec]" started-at="2024-03-04T19:10:58Z" name="tc002" finished-at="2024-03-04T19:11:29Z" duration-ms="30476" status="PASS">
          <reporter-output>
          </reporter-output>
        </test-method> <!-- tc002 -->
      </class> <!-- com.hrms.test02.TC006 -->
    </test> <!-- Test -->
  </suite> <!-- Suite -->
</testng-results>
